1763842926341	geckodriver	INFO	Listening on 127.0.0.1:49017
1763842927025	mozrunner::runner	INFO	Running command: MOZ_CRASHREPORTER="1" MOZ_CRASHREPORTER_NO_REPORT="1" MOZ_CRASHREPORTER_SHUTDOWN="1" MOZ_NO_REMOTE="1" "/usr ... ss" "--remote-debugging-port" "46253" "--remote-allow-hosts" "localhost" "-no-remote" "-profile" "/tmp/rust_mozprofileTiVhHN"
*** You are running in headless mode.
console.warn: services.settings: Ignoring preference override of remote settings server
console.warn: services.settings: Allow by setting MOZ_REMOTE_SETTINGS_DEVTOOLS=1 in the environment
1763842927800	Marionette	INFO	Marionette enabled
1763842928150	Marionette	INFO	Listening on port 34173
WebDriver BiDi listening on ws://127.0.0.1:46253
Read port: 34173
1763842928360	RemoteAgent	WARN	TLS certificate errors will be ignored for this session
[GFX1-]: RenderCompositorSWGL failed mapping default framebuffer, no dt
1763842930536	geckodriver	INFO	Listening on 127.0.0.1:37955
1763842930615	mozrunner::runner	INFO	Running command: MOZ_CRASHREPORTER="1" MOZ_CRASHREPORTER_NO_REPORT="1" MOZ_CRASHREPORTER_SHUTDOWN="1" MOZ_NO_REMOTE="1" "/usr ... ss" "--remote-debugging-port" "40639" "--remote-allow-hosts" "localhost" "-no-remote" "-profile" "/tmp/rust_mozprofileLOdToL"
*** You are running in headless mode.
console.warn: services.settings: Ignoring preference override of remote settings server
console.warn: services.settings: Allow by setting MOZ_REMOTE_SETTINGS_DEVTOOLS=1 in the environment
console.warn: RSLoader: Recipe new-tab-145020250919173227-to-beta not returned from collection nimbus-secure-experiments because it contains feature newtabTrainhopAddon, which is disallowed for that collection.
console.warn: RSLoader: Recipe new-tab-145020250919173227-to-release-143 not returned from collection nimbus-secure-experiments because it contains feature newtabTrainhopAddon, which is disallowed for that collection.
console.warn: RSLoader: Recipe new-tab-145120251009134757-to-release not returned from collection nimbus-secure-experiments because it contains feature newtabTrainhopAddon, which is disallowed for that collection.
1763842931204	Marionette	INFO	Marionette enabled
1763842931452	Marionette	INFO	Listening on port 36657
WebDriver BiDi listening on ws://127.0.0.1:40639
Read port: 36657
1763842931595	RemoteAgent	WARN	TLS certificate errors will be ignored for this session
[GFX1-]: RenderCompositorSWGL failed mapping default framebuffer, no dt
1763842934372	geckodriver	INFO	Listening on 127.0.0.1:32981
1763842934455	mozrunner::runner	INFO	Running command: MOZ_CRASHREPORTER="1" MOZ_CRASHREPORTER_NO_REPORT="1" MOZ_CRASHREPORTER_SHUTDOWN="1" MOZ_NO_REMOTE="1" "/usr ... ss" "--remote-debugging-port" "44689" "--remote-allow-hosts" "localhost" "-no-remote" "-profile" "/tmp/rust_mozprofilezB9GPM"
*** You are running in headless mode.
console.warn: RSLoader: Recipe new-tab-145020250919173227-to-beta not returned from collection nimbus-secure-experiments because it contains feature newtabTrainhopAddon, which is disallowed for that collection.
console.warn: RSLoader: Recipe new-tab-145020250919173227-to-release-143 not returned from collection nimbus-secure-experiments because it contains feature newtabTrainhopAddon, which is disallowed for that collection.
console.warn: RSLoader: Recipe new-tab-145120251009134757-to-release not returned from collection nimbus-secure-experiments because it contains feature newtabTrainhopAddon, which is disallowed for that collection.
console.warn: services.settings: Ignoring preference override of remote settings server
console.warn: services.settings: Allow by setting MOZ_REMOTE_SETTINGS_DEVTOOLS=1 in the environment
1763842935061	Marionette	INFO	Marionette enabled
1763842935268	Marionette	INFO	Listening on port 43265
WebDriver BiDi listening on ws://127.0.0.1:44689
Read port: 43265
1763842935490	RemoteAgent	WARN	TLS certificate errors will be ignored for this session
[GFX1-]: RenderCompositorSWGL failed mapping default framebuffer, no dt
1763842937932	geckodriver	INFO	Listening on 127.0.0.1:57469
1763842938091	mozrunner::runner	INFO	Running command: MOZ_CRASHREPORTER="1" MOZ_CRASHREPORTER_NO_REPORT="1" MOZ_CRASHREPORTER_SHUTDOWN="1" MOZ_NO_REMOTE="1" "/usr ... ss" "--remote-debugging-port" "34169" "--remote-allow-hosts" "localhost" "-no-remote" "-profile" "/tmp/rust_mozprofilert7fZt"
*** You are running in headless mode.
console.warn: services.settings: Ignoring preference override of remote settings server
console.warn: services.settings: Allow by setting MOZ_REMOTE_SETTINGS_DEVTOOLS=1 in the environment
console.warn: RSLoader: Recipe new-tab-145020250919173227-to-beta not returned from collection nimbus-secure-experiments because it contains feature newtabTrainhopAddon, which is disallowed for that collection.
console.warn: RSLoader: Recipe new-tab-145020250919173227-to-release-143 not returned from collection nimbus-secure-experiments because it contains feature newtabTrainhopAddon, which is disallowed for that collection.
console.warn: RSLoader: Recipe new-tab-145120251009134757-to-release not returned from collection nimbus-secure-experiments because it contains feature newtabTrainhopAddon, which is disallowed for that collection.
1763842938746	Marionette	INFO	Marionette enabled
1763842939006	Marionette	INFO	Listening on port 46167
WebDriver BiDi listening on ws://127.0.0.1:34169
Read port: 46167
1763842939248	RemoteAgent	WARN	TLS certificate errors will be ignored for this session
1763842939786	Marionette	INFO	Stopped listening on port 34173
[GFX1-]: RenderCompositorSWGL failed mapping default framebuffer, no dt
console.error: "Failed to fetch https://ads.mozilla.org/v1/delete_user:" "NetworkError when attempting to fetch resource."
console.warn: TopSitesFeed: Failed to fetch data from MARS server: NetworkError when attempting to fetch resource.
1763842941102	geckodriver	INFO	Listening on 127.0.0.1:50375
1763842941168	mozrunner::runner	INFO	Running command: MOZ_CRASHREPORTER="1" MOZ_CRASHREPORTER_NO_REPORT="1" MOZ_CRASHREPORTER_SHUTDOWN="1" MOZ_NO_REMOTE="1" "/usr ... ss" "--remote-debugging-port" "50041" "--remote-allow-hosts" "localhost" "-no-remote" "-profile" "/tmp/rust_mozprofileJKXxMa"
*** You are running in headless mode.
console.warn: services.settings: Ignoring preference override of remote settings server
console.warn: services.settings: Allow by setting MOZ_REMOTE_SETTINGS_DEVTOOLS=1 in the environment
1763842941749	Marionette	INFO	Marionette enabled
1763842941954	Marionette	INFO	Listening on port 45229
Read port: 45229
WebDriver BiDi listening on ws://127.0.0.1:50041
1763842942032	geckodriver	INFO	Listening on 127.0.0.1:44281
1763842942104	RemoteAgent	WARN	TLS certificate errors will be ignored for this session
1763842942123	mozrunner::runner	INFO	Running command: MOZ_CRASHREPORTER="1" MOZ_CRASHREPORTER_NO_REPORT="1" MOZ_CRASHREPORTER_SHUTDOWN="1" MOZ_NO_REMOTE="1" "/usr ... ss" "--remote-debugging-port" "54859" "--remote-allow-hosts" "localhost" "-no-remote" "-profile" "/tmp/rust_mozprofileHJZTmJ"
*** You are running in headless mode.
console.warn: services.settings: Ignoring preference override of remote settings server
console.warn: services.settings: Allow by setting MOZ_REMOTE_SETTINGS_DEVTOOLS=1 in the environment
console.warn: RSLoader: Recipe new-tab-145020250919173227-to-beta not returned from collection nimbus-secure-experiments because it contains feature newtabTrainhopAddon, which is disallowed for that collection.
console.warn: RSLoader: Recipe new-tab-145020250919173227-to-release-143 not returned from collection nimbus-secure-experiments because it contains feature newtabTrainhopAddon, which is disallowed for that collection.
console.warn: RSLoader: Recipe new-tab-145120251009134757-to-release not returned from collection nimbus-secure-experiments because it contains feature newtabTrainhopAddon, which is disallowed for that collection.
1763842943271	Marionette	INFO	Marionette enabled
1763842943366	Marionette	INFO	Stopped listening on port 43265
1763842943399	Marionette	INFO	Stopped listening on port 36657
1763842943651	Marionette	INFO	Listening on port 38463
WebDriver BiDi listening on ws://127.0.0.1:54859
Read port: 38463
[GFX1-]: RenderCompositorSWGL failed mapping default framebuffer, no dt
1763842944346	RemoteAgent	WARN	TLS certificate errors will be ignored for this session
console.error: "Failed to fetch https://ads.mozilla.org/v1/delete_user:" "NetworkError when attempting to fetch resource."
console.warn: TopSitesFeed: Failed to fetch data from MARS server: NetworkError when attempting to fetch resource.
console.error: "Failed to fetch https://ads.mozilla.org/v1/delete_user:" "NetworkError when attempting to fetch resource."
console.warn: TopSitesFeed: Failed to fetch data from MARS server: NetworkError when attempting to fetch resource.
[GFX1-]: RenderCompositorSWGL failed mapping default framebuffer, no dt
console.warn: RSLoader: Recipe new-tab-145020250919173227-to-beta not returned from collection nimbus-secure-experiments because it contains feature newtabTrainhopAddon, which is disallowed for that collection.
console.warn: RSLoader: Recipe new-tab-145020250919173227-to-release-143 not returned from collection nimbus-secure-experiments because it contains feature newtabTrainhopAddon, which is disallowed for that collection.
console.warn: RSLoader: Recipe new-tab-145120251009134757-to-release not returned from collection nimbus-secure-experiments because it contains feature newtabTrainhopAddon, which is disallowed for that collection.
1763842948969	Marionette	INFO	Stopped listening on port 38463
1763842948982	geckodriver	INFO	Listening on 127.0.0.1:57331
1763842949076	mozrunner::runner	INFO	Running command: MOZ_CRASHREPORTER="1" MOZ_CRASHREPORTER_NO_REPORT="1" MOZ_CRASHREPORTER_SHUTDOWN="1" MOZ_NO_REMOTE="1" "/usr ... ss" "--remote-debugging-port" "43013" "--remote-allow-hosts" "localhost" "-no-remote" "-profile" "/tmp/rust_mozprofileMRaHxT"
*** You are running in headless mode.
console.warn: services.settings: Ignoring preference override of remote settings server
console.warn: services.settings: Allow by setting MOZ_REMOTE_SETTINGS_DEVTOOLS=1 in the environment
1763842949549	Marionette	INFO	Stopped listening on port 46167
1763842949879	Marionette	INFO	Marionette enabled
1763842950062	Marionette	INFO	Stopped listening on port 45229
console.error: "Failed to fetch https://ads.mozilla.org/v1/delete_user:" "NetworkError when attempting to fetch resource."
console.warn: TopSitesFeed: Failed to fetch data from MARS server: NetworkError when attempting to fetch resource.
console.error: services.settings: 
  main/remote-permissions: Signature of bundled changeset is invalid: [Exception... "<no message>"  nsresult: "0x8046001e (<unknown>)"  location: "JS frame :: resource://gre/modules/ServiceRequest.sys.mjs :: open :: line 126"  data: no].
console.error: services.settings: 
  main/search-categorization: Signature of bundled changeset is invalid: [Exception... "<no message>"  nsresult: "0x8046001e (<unknown>)"  location: "JS frame :: resource://gre/modules/ServiceRequest.sys.mjs :: open :: line 126"  data: no].
console.error: services.settings: 
  main/third-party-cookie-blocking-exempt-urls: Signature of bundled changeset is invalid: [Exception... "<no message>"  nsresult: "0x8046001e (<unknown>)"  location: "JS frame :: resource://gre/modules/ServiceRequest.sys.mjs :: open :: line 126"  data: no].
console.error: services.settings: 
  main/query-stripping: Signature of bundled changeset is invalid: [Exception... "<no message>"  nsresult: "0x8046001e (<unknown>)"  location: "JS frame :: resource://gre/modules/ServiceRequest.sys.mjs :: open :: line 126"  data: no].
console.error: services.settings: 
  main/doh-providers: Signature of bundled changeset is invalid: [Exception... "<no message>"  nsresult: "0x8046001e (<unknown>)"  location: "JS frame :: resource://gre/modules/ServiceRequest.sys.mjs :: open :: line 126"  data: no].
console.error: services.settings: 
Object
  - prototype Object
    - columnNumber = 0
    - data = null
    - filename = resource://gre/modules/ServiceRequest.sys.mjs
    - lineNumber = 126
    - location = {"name":"open","filename":"resource://gre/modules/ServiceRequest.sys.mjs","sourceId":29,"lineNumber":126,"columnNumber":11,"asyncCause":null,"asyncCaller":null,"caller":{"filename":"resource://services-settings/Utils.sys.mjs","name":"fetch/<","sourceId":28,"lineNumber":268,"columnNumber":15,"asyncCause":null,"asyncCaller":null,"caller":{"filename":"resource://services-settings/Utils.sys.mjs","name":"fetch","sourceId":28,"lineNumber":219,"columnNumber":12,"asyncCause":null,"asyncCaller":null,"caller":{"filename":"resource://services-settings/Utils.sys.mjs","name":"fetchLatestChanges","sourceId":28,"lineNumber":429,"columnNumber":34,"asyncCause":null,"asyncCaller":null,"caller":{"filename":"resource://services-settings/RemoteSettingsClient.sys.mjs","name":"sync","sourceId":26,"lineNumber":630,"columnNumber":42,"asyncCause":null,"asyncCaller":null,"caller":{"filename":"resource://services-settings/RemoteSettingsClient.sys.mjs","name":"get/this._importingPromise<","sourceId":26,"lineNumber":482,"columnNumber":28,"asyncCause":null,"asyncCaller":null,"caller":null,"formattedStack":"get/this._importingPromise<@resource://services-settings/RemoteSettingsClient.sys.mjs:482:28\n","nativeSavedFrame":{}},"formattedStack":"sync@resource://services-settings/RemoteSettingsClient.sys.mjs:630:42\nget/this._importingPromise<@resource://services-settings/RemoteSettingsClient.sys.mjs:482:28\n","nativeSavedFrame":{}},"formattedStack":"fetchLatestChanges@resource://services-settings/Utils.sys.mjs:429:34\nsync@resource://services-settings/RemoteSettingsClient.sys.mjs:630:42\nget/this._importingPromise<@resource://services-settings/RemoteSettingsClient.sys.mjs:482:28\n","nativeSavedFrame":{}},"formattedStack":"fetch@resource://services-settings/Utils.sys.mjs:219:12\nfetchLatestChanges@resource://services-settings/Utils.sys.mjs:429:34\nsync@resource://services-settings/RemoteSettingsClient.sys.mjs:630:42\nget/this._importingPromise<@resource://services-settings/RemoteSettingsClient.sys.mjs:482:28\n","nativeSavedFrame":{}},"formattedStack":"fetch/<@resource://services-settings/Utils.sys.mjs:268:15\nfetch@resource://services-settings/Utils.sys.mjs:219:12\nfetchLatestChanges@resource://services-settings/Utils.sys.mjs:429:34\nsync@resource://services-settings/RemoteSettingsClient.sys.mjs:630:42\nget/this._importingPromise<@resource://services-settings/RemoteSettingsClient.sys.mjs:482:28\n","nativeSavedFrame":{}},"formattedStack":"open@resource://gre/modules/ServiceRequest.sys.mjs:126:11\nfetch/<@resource://services-settings/Utils.sys.mjs:268:15\nfetch@resource://services-settings/Utils.sys.mjs:219:12\nfetchLatestChanges@resource://services-settings/Utils.sys.mjs:429:34\nsync@resource://services-settings/RemoteSettingsClient.sys.mjs:630:42\nget/this._importingPromise<@resource://services-settings/RemoteSettingsClient.sys.mjs:482:28\n","nativeSavedFrame":{}}
    - message = 
    - name = 
    - result = 2152071198
    - stack = open@resource://gre/modules/ServiceRequest.sys.mjs:126:11|fetch/<@resource://services-settings/Utils.sys.mjs:268:15|fetch@resource://services-settings/Utils.sys.mjs:219:12|fetchLatestChanges@resource://services-settings/Utils.sys.mjs:429:34|sync@resource://services-settings/RemoteSettingsClient.sys.mjs:630:42|get/this._importingPromise<@resource://services-settings/RemoteSettingsClient.sys.mjs:482:28|
  - prototype Object
console.error: services.settings: 
Object
  - prototype Object
    - columnNumber = 0
    - data = null
    - filename = resource://gre/modules/ServiceRequest.sys.mjs
    - lineNumber = 126
    - location = {"name":"open","filename":"resource://gre/modules/ServiceRequest.sys.mjs","sourceId":29,"lineNumber":126,"columnNumber":11,"asyncCause":null,"asyncCaller":null,"caller":{"filename":"resource://services-settings/Utils.sys.mjs","name":"fetch/<","sourceId":28,"lineNumber":268,"columnNumber":15,"asyncCause":null,"asyncCaller":null,"caller":{"filename":"resource://services-settings/Utils.sys.mjs","name":"fetch","sourceId":28,"lineNumber":219,"columnNumber":12,"asyncCause":null,"asyncCaller":null,"caller":{"filename":"resource://services-settings/Utils.sys.mjs","name":"fetchLatestChanges","sourceId":28,"lineNumber":429,"columnNumber":34,"asyncCause":null,"asyncCaller":null,"caller":{"filename":"resource://services-settings/RemoteSettingsClient.sys.mjs","name":"sync","sourceId":26,"lineNumber":630,"columnNumber":42,"asyncCause":null,"asyncCaller":null,"caller":{"filename":"resource://services-settings/RemoteSettingsClient.sys.mjs","name":"get/this._importingPromise<","sourceId":26,"lineNumber":482,"columnNumber":28,"asyncCause":null,"asyncCaller":null,"caller":null,"formattedStack":"get/this._importingPromise<@resource://services-settings/RemoteSettingsClient.sys.mjs:482:28\n","nativeSavedFrame":{}},"formattedStack":"sync@resource://services-settings/RemoteSettingsClient.sys.mjs:630:42\nget/this._importingPromise<@resource://services-settings/RemoteSettingsClient.sys.mjs:482:28\n","nativeSavedFrame":{}},"formattedStack":"fetchLatestChanges@resource://services-settings/Utils.sys.mjs:429:34\nsync@resource://services-settings/RemoteSettingsClient.sys.mjs:630:42\nget/this._importingPromise<@resource://services-settings/RemoteSettingsClient.sys.mjs:482:28\n","nativeSavedFrame":{}},"formattedStack":"fetch@resource://services-settings/Utils.sys.mjs:219:12\nfetchLatestChanges@resource://services-settings/Utils.sys.mjs:429:34\nsync@resource://services-settings/RemoteSettingsClient.sys.mjs:630:42\nget/this._importingPromise<@resource://services-settings/RemoteSettingsClient.sys.mjs:482:28\n","nativeSavedFrame":{}},"formattedStack":"fetch/<@resource://services-settings/Utils.sys.mjs:268:15\nfetch@resource://services-settings/Utils.sys.mjs:219:12\nfetchLatestChanges@resource://services-settings/Utils.sys.mjs:429:34\nsync@resource://services-settings/RemoteSettingsClient.sys.mjs:630:42\nget/this._importingPromise<@resource://services-settings/RemoteSettingsClient.sys.mjs:482:28\n","nativeSavedFrame":{}},"formattedStack":"open@resource://gre/modules/ServiceRequest.sys.mjs:126:11\nfetch/<@resource://services-settings/Utils.sys.mjs:268:15\nfetch@resource://services-settings/Utils.sys.mjs:219:12\nfetchLatestChanges@resource://services-settings/Utils.sys.mjs:429:34\nsync@resource://services-settings/RemoteSettingsClient.sys.mjs:630:42\nget/this._importingPromise<@resource://services-settings/RemoteSettingsClient.sys.mjs:482:28\n","nativeSavedFrame":{}}
    - message = 
    - name = 
    - result = 2152071198
    - stack = open@resource://gre/modules/ServiceRequest.sys.mjs:126:11|fetch/<@resource://services-settings/Utils.sys.mjs:268:15|fetch@resource://services-settings/Utils.sys.mjs:219:12|fetchLatestChanges@resource://services-settings/Utils.sys.mjs:429:34|sync@resource://services-settings/RemoteSettingsClient.sys.mjs:630:42|get/this._importingPromise<@resource://services-settings/RemoteSettingsClient.sys.mjs:482:28|
  - prototype Object
console.error: services.settings: 
Object
  - prototype Object
    - columnNumber = 0
    - data = null
    - filename = resource://gre/modules/ServiceRequest.sys.mjs
    - lineNumber = 126
    - location = {"name":"open","filename":"resource://gre/modules/ServiceRequest.sys.mjs","sourceId":29,"lineNumber":126,"columnNumber":11,"asyncCause":null,"asyncCaller":null,"caller":{"filename":"resource://services-settings/Utils.sys.mjs","name":"fetch/<","sourceId":28,"lineNumber":268,"columnNumber":15,"asyncCause":null,"asyncCaller":null,"caller":{"filename":"resource://services-settings/Utils.sys.mjs","name":"fetch","sourceId":28,"lineNumber":219,"columnNumber":12,"asyncCause":null,"asyncCaller":null,"caller":{"filename":"resource://services-settings/Utils.sys.mjs","name":"fetchLatestChanges","sourceId":28,"lineNumber":429,"columnNumber":34,"asyncCause":null,"asyncCaller":null,"caller":{"filename":"resource://services-settings/RemoteSettingsClient.sys.mjs","name":"sync","sourceId":26,"lineNumber":630,"columnNumber":42,"asyncCause":null,"asyncCaller":null,"caller":{"filename":"resource://services-settings/RemoteSettingsClient.sys.mjs","name":"get/this._importingPromise<","sourceId":26,"lineNumber":482,"columnNumber":28,"asyncCause":null,"asyncCaller":null,"caller":null,"formattedStack":"get/this._importingPromise<@resource://services-settings/RemoteSettingsClient.sys.mjs:482:28\n","nativeSavedFrame":{}},"formattedStack":"sync@resource://services-settings/RemoteSettingsClient.sys.mjs:630:42\nget/this._importingPromise<@resource://services-settings/RemoteSettingsClient.sys.mjs:482:28\n","nativeSavedFrame":{}},"formattedStack":"fetchLatestChanges@resource://services-settings/Utils.sys.mjs:429:34\nsync@resource://services-settings/RemoteSettingsClient.sys.mjs:630:42\nget/this._importingPromise<@resource://services-settings/RemoteSettingsClient.sys.mjs:482:28\n","nativeSavedFrame":{}},"formattedStack":"fetch@resource://services-settings/Utils.sys.mjs:219:12\nfetchLatestChanges@resource://services-settings/Utils.sys.mjs:429:34\nsync@resource://services-settings/RemoteSettingsClient.sys.mjs:630:42\nget/this._importingPromise<@resource://services-settings/RemoteSettingsClient.sys.mjs:482:28\n","nativeSavedFrame":{}},"formattedStack":"fetch/<@resource://services-settings/Utils.sys.mjs:268:15\nfetch@resource://services-settings/Utils.sys.mjs:219:12\nfetchLatestChanges@resource://services-settings/Utils.sys.mjs:429:34\nsync@resource://services-settings/RemoteSettingsClient.sys.mjs:630:42\nget/this._importingPromise<@resource://services-settings/RemoteSettingsClient.sys.mjs:482:28\n","nativeSavedFrame":{}},"formattedStack":"open@resource://gre/modules/ServiceRequest.sys.mjs:126:11\nfetch/<@resource://services-settings/Utils.sys.mjs:268:15\nfetch@resource://services-settings/Utils.sys.mjs:219:12\nfetchLatestChanges@resource://services-settings/Utils.sys.mjs:429:34\nsync@resource://services-settings/RemoteSettingsClient.sys.mjs:630:42\nget/this._importingPromise<@resource://services-settings/RemoteSettingsClient.sys.mjs:482:28\n","nativeSavedFrame":{}}
    - message = 
    - name = 
    - result = 2152071198
    - stack = open@resource://gre/modules/ServiceRequest.sys.mjs:126:11|fetch/<@resource://services-settings/Utils.sys.mjs:268:15|fetch@resource://services-settings/Utils.sys.mjs:219:12|fetchLatestChanges@resource://services-settings/Utils.sys.mjs:429:34|sync@resource://services-settings/RemoteSettingsClient.sys.mjs:630:42|get/this._importingPromise<@resource://services-settings/RemoteSettingsClient.sys.mjs:482:28|
  - prototype Object
console.error: services.settings: 
Object
  - prototype Object
    - columnNumber = 0
    - data = null
    - filename = resource://gre/modules/ServiceRequest.sys.mjs
    - lineNumber = 126
    - location = {"name":"open","filename":"resource://gre/modules/ServiceRequest.sys.mjs","sourceId":29,"lineNumber":126,"columnNumber":11,"asyncCause":null,"asyncCaller":null,"caller":{"filename":"resource://services-settings/Utils.sys.mjs","name":"fetch/<","sourceId":28,"lineNumber":268,"columnNumber":15,"asyncCause":null,"asyncCaller":null,"caller":{"filename":"resource://services-settings/Utils.sys.mjs","name":"fetch","sourceId":28,"lineNumber":219,"columnNumber":12,"asyncCause":null,"asyncCaller":null,"caller":{"filename":"resource://services-settings/Utils.sys.mjs","name":"fetchLatestChanges","sourceId":28,"lineNumber":429,"columnNumber":34,"asyncCause":null,"asyncCaller":null,"caller":{"filename":"resource://services-settings/RemoteSettingsClient.sys.mjs","name":"sync","sourceId":26,"lineNumber":630,"columnNumber":42,"asyncCause":null,"asyncCaller":null,"caller":{"filename":"resource://services-settings/RemoteSettingsClient.sys.mjs","name":"get/this._importingPromise<","sourceId":26,"lineNumber":482,"columnNumber":28,"asyncCause":null,"asyncCaller":null,"caller":null,"formattedStack":"get/this._importingPromise<@resource://services-settings/RemoteSettingsClient.sys.mjs:482:28\n","nativeSavedFrame":{}},"formattedStack":"sync@resource://services-settings/RemoteSettingsClient.sys.mjs:630:42\nget/this._importingPromise<@resource://services-settings/RemoteSettingsClient.sys.mjs:482:28\n","nativeSavedFrame":{}},"formattedStack":"fetchLatestChanges@resource://services-settings/Utils.sys.mjs:429:34\nsync@resource://services-settings/RemoteSettingsClient.sys.mjs:630:42\nget/this._importingPromise<@resource://services-settings/RemoteSettingsClient.sys.mjs:482:28\n","nativeSavedFrame":{}},"formattedStack":"fetch@resource://services-settings/Utils.sys.mjs:219:12\nfetchLatestChanges@resource://services-settings/Utils.sys.mjs:429:34\nsync@resource://services-settings/RemoteSettingsClient.sys.mjs:630:42\nget/this._importingPromise<@resource://services-settings/RemoteSettingsClient.sys.mjs:482:28\n","nativeSavedFrame":{}},"formattedStack":"fetch/<@resource://services-settings/Utils.sys.mjs:268:15\nfetch@resource://services-settings/Utils.sys.mjs:219:12\nfetchLatestChanges@resource://services-settings/Utils.sys.mjs:429:34\nsync@resource://services-settings/RemoteSettingsClient.sys.mjs:630:42\nget/this._importingPromise<@resource://services-settings/RemoteSettingsClient.sys.mjs:482:28\n","nativeSavedFrame":{}},"formattedStack":"open@resource://gre/modules/ServiceRequest.sys.mjs:126:11\nfetch/<@resource://services-settings/Utils.sys.mjs:268:15\nfetch@resource://services-settings/Utils.sys.mjs:219:12\nfetchLatestChanges@resource://services-settings/Utils.sys.mjs:429:34\nsync@resource://services-settings/RemoteSettingsClient.sys.mjs:630:42\nget/this._importingPromise<@resource://services-settings/RemoteSettingsClient.sys.mjs:482:28\n","nativeSavedFrame":{}}
    - message = 
    - name = 
    - result = 2152071198
    - stack = open@resource://gre/modules/ServiceRequest.sys.mjs:126:11|fetch/<@resource://services-settings/Utils.sys.mjs:268:15|fetch@resource://services-settings/Utils.sys.mjs:219:12|fetchLatestChanges@resource://services-settings/Utils.sys.mjs:429:34|sync@resource://services-settings/RemoteSettingsClient.sys.mjs:630:42|get/this._importingPromise<@resource://services-settings/RemoteSettingsClient.sys.mjs:482:28|
  - prototype Object
1763842950133	Marionette	INFO	Listening on port 37261
WebDriver BiDi listening on ws://127.0.0.1:43013
Read port: 37261
console.warn: RSLoader: Recipe new-tab-145020250919173227-to-beta not returned from collection nimbus-secure-experiments because it contains feature newtabTrainhopAddon, which is disallowed for that collection.
console.warn: RSLoader: Recipe new-tab-145020250919173227-to-release-143 not returned from collection nimbus-secure-experiments because it contains feature newtabTrainhopAddon, which is disallowed for that collection.
console.warn: RSLoader: Recipe new-tab-145120251009134757-to-release not returned from collection nimbus-secure-experiments because it contains feature newtabTrainhopAddon, which is disallowed for that collection.
1763842950323	RemoteAgent	WARN	TLS certificate errors will be ignored for this session
console.error: "Failed to fetch https://ads.mozilla.org/v1/delete_user:" "NetworkError when attempting to fetch resource."
console.warn: TopSitesFeed: Failed to fetch data from MARS server: NetworkError when attempting to fetch resource.
console.error: "Failed to fetch https://ads.mozilla.org/v1/delete_user:" "NetworkError when attempting to fetch resource."
console.warn: TopSitesFeed: Failed to fetch data from MARS server: NetworkError when attempting to fetch resource.
[GFX1-]: RenderCompositorSWGL failed mapping default framebuffer, no dt
1763842952400	Marionette	INFO	Stopped listening on port 37261
1763842952411	geckodriver	INFO	Listening on 127.0.0.1:60557
1763842952443	mozrunner::runner	INFO	Running command: MOZ_CRASHREPORTER="1" MOZ_CRASHREPORTER_NO_REPORT="1" MOZ_CRASHREPORTER_SHUTDOWN="1" MOZ_NO_REMOTE="1" "/usr ... ss" "--remote-debugging-port" "54199" "--remote-allow-hosts" "localhost" "-no-remote" "-profile" "/tmp/rust_mozprofileKMB3op"
*** You are running in headless mode.
console.warn: services.settings: Ignoring preference override of remote settings server
console.warn: services.settings: Allow by setting MOZ_REMOTE_SETTINGS_DEVTOOLS=1 in the environment
1763842952780	Marionette	INFO	Marionette enabled
console.error: services.settings: 
  main/remote-permissions: Signature of bundled changeset is invalid: [Exception... "<no message>"  nsresult: "0x8046001e (<unknown>)"  location: "JS frame :: resource://gre/modules/ServiceRequest.sys.mjs :: open :: line 126"  data: no].
console.error: services.settings: 
  main/search-categorization: Signature of bundled changeset is invalid: [Exception... "<no message>"  nsresult: "0x8046001e (<unknown>)"  location: "JS frame :: resource://gre/modules/ServiceRequest.sys.mjs :: open :: line 126"  data: no].
console.error: services.settings: 
  main/third-party-cookie-blocking-exempt-urls: Signature of bundled changeset is invalid: [Exception... "<no message>"  nsresult: "0x8046001e (<unknown>)"  location: "JS frame :: resource://gre/modules/ServiceRequest.sys.mjs :: open :: line 126"  data: no].
console.error: services.settings: 
  main/query-stripping: Signature of bundled changeset is invalid: [Exception... "<no message>"  nsresult: "0x8046001e (<unknown>)"  location: "JS frame :: resource://gre/modules/ServiceRequest.sys.mjs :: open :: line 126"  data: no].
console.error: services.settings: 
  main/doh-providers: Signature of bundled changeset is invalid: [Exception... "<no message>"  nsresult: "0x8046001e (<unknown>)"  location: "JS frame :: resource://gre/modules/ServiceRequest.sys.mjs :: open :: line 126"  data: no].
console.error: services.settings: 
Object
  - prototype Object
    - columnNumber = 0
    - data = null
    - filename = resource://gre/modules/ServiceRequest.sys.mjs
    - lineNumber = 126
    - location = {"name":"open","filename":"resource://gre/modules/ServiceRequest.sys.mjs","sourceId":29,"lineNumber":126,"columnNumber":11,"asyncCause":null,"asyncCaller":null,"caller":{"filename":"resource://services-settings/Utils.sys.mjs","name":"fetch/<","sourceId":28,"lineNumber":268,"columnNumber":15,"asyncCause":null,"asyncCaller":null,"caller":{"filename":"resource://services-settings/Utils.sys.mjs","name":"fetch","sourceId":28,"lineNumber":219,"columnNumber":12,"asyncCause":null,"asyncCaller":null,"caller":{"filename":"resource://services-settings/Utils.sys.mjs","name":"fetchLatestChanges","sourceId":28,"lineNumber":429,"columnNumber":34,"asyncCause":null,"asyncCaller":null,"caller":{"filename":"resource://services-settings/RemoteSettingsClient.sys.mjs","name":"sync","sourceId":26,"lineNumber":630,"columnNumber":42,"asyncCause":null,"asyncCaller":null,"caller":{"filename":"resource://services-settings/RemoteSettingsClient.sys.mjs","name":"get/this._importingPromise<","sourceId":26,"lineNumber":482,"columnNumber":28,"asyncCause":null,"asyncCaller":null,"caller":null,"formattedStack":"get/this._importingPromise<@resource://services-settings/RemoteSettingsClient.sys.mjs:482:28\n","nativeSavedFrame":{}},"formattedStack":"sync@resource://services-settings/RemoteSettingsClient.sys.mjs:630:42\nget/this._importingPromise<@resource://services-settings/RemoteSettingsClient.sys.mjs:482:28\n","nativeSavedFrame":{}},"formattedStack":"fetchLatestChanges@resource://services-settings/Utils.sys.mjs:429:34\nsync@resource://services-settings/RemoteSettingsClient.sys.mjs:630:42\nget/this._importingPromise<@resource://services-settings/RemoteSettingsClient.sys.mjs:482:28\n","nativeSavedFrame":{}},"formattedStack":"fetch@resource://services-settings/Utils.sys.mjs:219:12\nfetchLatestChanges@resource://services-settings/Utils.sys.mjs:429:34\nsync@resource://services-settings/RemoteSettingsClient.sys.mjs:630:42\nget/this._importingPromise<@resource://services-settings/RemoteSettingsClient.sys.mjs:482:28\n","nativeSavedFrame":{}},"formattedStack":"fetch/<@resource://services-settings/Utils.sys.mjs:268:15\nfetch@resource://services-settings/Utils.sys.mjs:219:12\nfetchLatestChanges@resource://services-settings/Utils.sys.mjs:429:34\nsync@resource://services-settings/RemoteSettingsClient.sys.mjs:630:42\nget/this._importingPromise<@resource://services-settings/RemoteSettingsClient.sys.mjs:482:28\n","nativeSavedFrame":{}},"formattedStack":"open@resource://gre/modules/ServiceRequest.sys.mjs:126:11\nfetch/<@resource://services-settings/Utils.sys.mjs:268:15\nfetch@resource://services-settings/Utils.sys.mjs:219:12\nfetchLatestChanges@resource://services-settings/Utils.sys.mjs:429:34\nsync@resource://services-settings/RemoteSettingsClient.sys.mjs:630:42\nget/this._importingPromise<@resource://services-settings/RemoteSettingsClient.sys.mjs:482:28\n","nativeSavedFrame":{}}
    - message = 
    - name = 
    - result = 2152071198
    - stack = open@resource://gre/modules/ServiceRequest.sys.mjs:126:11|fetch/<@resource://services-settings/Utils.sys.mjs:268:15|fetch@resource://services-settings/Utils.sys.mjs:219:12|fetchLatestChanges@resource://services-settings/Utils.sys.mjs:429:34|sync@resource://services-settings/RemoteSettingsClient.sys.mjs:630:42|get/this._importingPromise<@resource://services-settings/RemoteSettingsClient.sys.mjs:482:28|
  - prototype Object
console.error: services.settings: 
Object
  - prototype Object
    - columnNumber = 0
    - data = null
    - filename = resource://gre/modules/ServiceRequest.sys.mjs
    - lineNumber = 126
    - location = {"name":"open","filename":"resource://gre/modules/ServiceRequest.sys.mjs","sourceId":29,"lineNumber":126,"columnNumber":11,"asyncCause":null,"asyncCaller":null,"caller":{"filename":"resource://services-settings/Utils.sys.mjs","name":"fetch/<","sourceId":28,"lineNumber":268,"columnNumber":15,"asyncCause":null,"asyncCaller":null,"caller":{"filename":"resource://services-settings/Utils.sys.mjs","name":"fetch","sourceId":28,"lineNumber":219,"columnNumber":12,"asyncCause":null,"asyncCaller":null,"caller":{"filename":"resource://services-settings/Utils.sys.mjs","name":"fetchLatestChanges","sourceId":28,"lineNumber":429,"columnNumber":34,"asyncCause":null,"asyncCaller":null,"caller":{"filename":"resource://services-settings/RemoteSettingsClient.sys.mjs","name":"sync","sourceId":26,"lineNumber":630,"columnNumber":42,"asyncCause":null,"asyncCaller":null,"caller":{"filename":"resource://services-settings/RemoteSettingsClient.sys.mjs","name":"get/this._importingPromise<","sourceId":26,"lineNumber":482,"columnNumber":28,"asyncCause":null,"asyncCaller":null,"caller":null,"formattedStack":"get/this._importingPromise<@resource://services-settings/RemoteSettingsClient.sys.mjs:482:28\n","nativeSavedFrame":{}},"formattedStack":"sync@resource://services-settings/RemoteSettingsClient.sys.mjs:630:42\nget/this._importingPromise<@resource://services-settings/RemoteSettingsClient.sys.mjs:482:28\n","nativeSavedFrame":{}},"formattedStack":"fetchLatestChanges@resource://services-settings/Utils.sys.mjs:429:34\nsync@resource://services-settings/RemoteSettingsClient.sys.mjs:630:42\nget/this._importingPromise<@resource://services-settings/RemoteSettingsClient.sys.mjs:482:28\n","nativeSavedFrame":{}},"formattedStack":"fetch@resource://services-settings/Utils.sys.mjs:219:12\nfetchLatestChanges@resource://services-settings/Utils.sys.mjs:429:34\nsync@resource://services-settings/RemoteSettingsClient.sys.mjs:630:42\nget/this._importingPromise<@resource://services-settings/RemoteSettingsClient.sys.mjs:482:28\n","nativeSavedFrame":{}},"formattedStack":"fetch/<@resource://services-settings/Utils.sys.mjs:268:15\nfetch@resource://services-settings/Utils.sys.mjs:219:12\nfetchLatestChanges@resource://services-settings/Utils.sys.mjs:429:34\nsync@resource://services-settings/RemoteSettingsClient.sys.mjs:630:42\nget/this._importingPromise<@resource://services-settings/RemoteSettingsClient.sys.mjs:482:28\n","nativeSavedFrame":{}},"formattedStack":"open@resource://gre/modules/ServiceRequest.sys.mjs:126:11\nfetch/<@resource://services-settings/Utils.sys.mjs:268:15\nfetch@resource://services-settings/Utils.sys.mjs:219:12\nfetchLatestChanges@resource://services-settings/Utils.sys.mjs:429:34\nsync@resource://services-settings/RemoteSettingsClient.sys.mjs:630:42\nget/this._importingPromise<@resource://services-settings/RemoteSettingsClient.sys.mjs:482:28\n","nativeSavedFrame":{}}
    - message = 
    - name = 
    - result = 2152071198
    - stack = open@resource://gre/modules/ServiceRequest.sys.mjs:126:11|fetch/<@resource://services-settings/Utils.sys.mjs:268:15|fetch@resource://services-settings/Utils.sys.mjs:219:12|fetchLatestChanges@resource://services-settings/Utils.sys.mjs:429:34|sync@resource://services-settings/RemoteSettingsClient.sys.mjs:630:42|get/this._importingPromise<@resource://services-settings/RemoteSettingsClient.sys.mjs:482:28|
  - prototype Object
console.error: services.settings: 
Object
  - prototype Object
    - columnNumber = 0
    - data = null
    - filename = resource://gre/modules/ServiceRequest.sys.mjs
    - lineNumber = 126
    - location = {"name":"open","filename":"resource://gre/modules/ServiceRequest.sys.mjs","sourceId":29,"lineNumber":126,"columnNumber":11,"asyncCause":null,"asyncCaller":null,"caller":{"filename":"resource://services-settings/Utils.sys.mjs","name":"fetch/<","sourceId":28,"lineNumber":268,"columnNumber":15,"asyncCause":null,"asyncCaller":null,"caller":{"filename":"resource://services-settings/Utils.sys.mjs","name":"fetch","sourceId":28,"lineNumber":219,"columnNumber":12,"asyncCause":null,"asyncCaller":null,"caller":{"filename":"resource://services-settings/Utils.sys.mjs","name":"fetchLatestChanges","sourceId":28,"lineNumber":429,"columnNumber":34,"asyncCause":null,"asyncCaller":null,"caller":{"filename":"resource://services-settings/RemoteSettingsClient.sys.mjs","name":"sync","sourceId":26,"lineNumber":630,"columnNumber":42,"asyncCause":null,"asyncCaller":null,"caller":{"filename":"resource://services-settings/RemoteSettingsClient.sys.mjs","name":"get/this._importingPromise<","sourceId":26,"lineNumber":482,"columnNumber":28,"asyncCause":null,"asyncCaller":null,"caller":null,"formattedStack":"get/this._importingPromise<@resource://services-settings/RemoteSettingsClient.sys.mjs:482:28\n","nativeSavedFrame":{}},"formattedStack":"sync@resource://services-settings/RemoteSettingsClient.sys.mjs:630:42\nget/this._importingPromise<@resource://services-settings/RemoteSettingsClient.sys.mjs:482:28\n","nativeSavedFrame":{}},"formattedStack":"fetchLatestChanges@resource://services-settings/Utils.sys.mjs:429:34\nsync@resource://services-settings/RemoteSettingsClient.sys.mjs:630:42\nget/this._importingPromise<@resource://services-settings/RemoteSettingsClient.sys.mjs:482:28\n","nativeSavedFrame":{}},"formattedStack":"fetch@resource://services-settings/Utils.sys.mjs:219:12\nfetchLatestChanges@resource://services-settings/Utils.sys.mjs:429:34\nsync@resource://services-settings/RemoteSettingsClient.sys.mjs:630:42\nget/this._importingPromise<@resource://services-settings/RemoteSettingsClient.sys.mjs:482:28\n","nativeSavedFrame":{}},"formattedStack":"fetch/<@resource://services-settings/Utils.sys.mjs:268:15\nfetch@resource://services-settings/Utils.sys.mjs:219:12\nfetchLatestChanges@resource://services-settings/Utils.sys.mjs:429:34\nsync@resource://services-settings/RemoteSettingsClient.sys.mjs:630:42\nget/this._importingPromise<@resource://services-settings/RemoteSettingsClient.sys.mjs:482:28\n","nativeSavedFrame":{}},"formattedStack":"open@resource://gre/modules/ServiceRequest.sys.mjs:126:11\nfetch/<@resource://services-settings/Utils.sys.mjs:268:15\nfetch@resource://services-settings/Utils.sys.mjs:219:12\nfetchLatestChanges@resource://services-settings/Utils.sys.mjs:429:34\nsync@resource://services-settings/RemoteSettingsClient.sys.mjs:630:42\nget/this._importingPromise<@resource://services-settings/RemoteSettingsClient.sys.mjs:482:28\n","nativeSavedFrame":{}}
    - message = 
    - name = 
    - result = 2152071198
    - stack = open@resource://gre/modules/ServiceRequest.sys.mjs:126:11|fetch/<@resource://services-settings/Utils.sys.mjs:268:15|fetch@resource://services-settings/Utils.sys.mjs:219:12|fetchLatestChanges@resource://services-settings/Utils.sys.mjs:429:34|sync@resource://services-settings/RemoteSettingsClient.sys.mjs:630:42|get/this._importingPromise<@resource://services-settings/RemoteSettingsClient.sys.mjs:482:28|
  - prototype Object
console.error: services.settings: 
Object
  - prototype Object
    - columnNumber = 0
    - data = null
    - filename = resource://gre/modules/ServiceRequest.sys.mjs
    - lineNumber = 126
    - location = {"name":"open","filename":"resource://gre/modules/ServiceRequest.sys.mjs","sourceId":29,"lineNumber":126,"columnNumber":11,"asyncCause":null,"asyncCaller":null,"caller":{"filename":"resource://services-settings/Utils.sys.mjs","name":"fetch/<","sourceId":28,"lineNumber":268,"columnNumber":15,"asyncCause":null,"asyncCaller":null,"caller":{"filename":"resource://services-settings/Utils.sys.mjs","name":"fetch","sourceId":28,"lineNumber":219,"columnNumber":12,"asyncCause":null,"asyncCaller":null,"caller":{"filename":"resource://services-settings/Utils.sys.mjs","name":"fetchLatestChanges","sourceId":28,"lineNumber":429,"columnNumber":34,"asyncCause":null,"asyncCaller":null,"caller":{"filename":"resource://services-settings/RemoteSettingsClient.sys.mjs","name":"sync","sourceId":26,"lineNumber":630,"columnNumber":42,"asyncCause":null,"asyncCaller":null,"caller":{"filename":"resource://services-settings/RemoteSettingsClient.sys.mjs","name":"get/this._importingPromise<","sourceId":26,"lineNumber":482,"columnNumber":28,"asyncCause":null,"asyncCaller":null,"caller":null,"formattedStack":"get/this._importingPromise<@resource://services-settings/RemoteSettingsClient.sys.mjs:482:28\n","nativeSavedFrame":{}},"formattedStack":"sync@resource://services-settings/RemoteSettingsClient.sys.mjs:630:42\nget/this._importingPromise<@resource://services-settings/RemoteSettingsClient.sys.mjs:482:28\n","nativeSavedFrame":{}},"formattedStack":"fetchLatestChanges@resource://services-settings/Utils.sys.mjs:429:34\nsync@resource://services-settings/RemoteSettingsClient.sys.mjs:630:42\nget/this._importingPromise<@resource://services-settings/RemoteSettingsClient.sys.mjs:482:28\n","nativeSavedFrame":{}},"formattedStack":"fetch@resource://services-settings/Utils.sys.mjs:219:12\nfetchLatestChanges@resource://services-settings/Utils.sys.mjs:429:34\nsync@resource://services-settings/RemoteSettingsClient.sys.mjs:630:42\nget/this._importingPromise<@resource://services-settings/RemoteSettingsClient.sys.mjs:482:28\n","nativeSavedFrame":{}},"formattedStack":"fetch/<@resource://services-settings/Utils.sys.mjs:268:15\nfetch@resource://services-settings/Utils.sys.mjs:219:12\nfetchLatestChanges@resource://services-settings/Utils.sys.mjs:429:34\nsync@resource://services-settings/RemoteSettingsClient.sys.mjs:630:42\nget/this._importingPromise<@resource://services-settings/RemoteSettingsClient.sys.mjs:482:28\n","nativeSavedFrame":{}},"formattedStack":"open@resource://gre/modules/ServiceRequest.sys.mjs:126:11\nfetch/<@resource://services-settings/Utils.sys.mjs:268:15\nfetch@resource://services-settings/Utils.sys.mjs:219:12\nfetchLatestChanges@resource://services-settings/Utils.sys.mjs:429:34\nsync@resource://services-settings/RemoteSettingsClient.sys.mjs:630:42\nget/this._importingPromise<@resource://services-settings/RemoteSettingsClient.sys.mjs:482:28\n","nativeSavedFrame":{}}
    - message = 
    - name = 
    - result = 2152071198
    - stack = open@resource://gre/modules/ServiceRequest.sys.mjs:126:11|fetch/<@resource://services-settings/Utils.sys.mjs:268:15|fetch@resource://services-settings/Utils.sys.mjs:219:12|fetchLatestChanges@resource://services-settings/Utils.sys.mjs:429:34|sync@resource://services-settings/RemoteSettingsClient.sys.mjs:630:42|get/this._importingPromise<@resource://services-settings/RemoteSettingsClient.sys.mjs:482:28|
  - prototype Object
console.error: "Failed to fetch https://ads.mozilla.org/v1/delete_user:" "NetworkError when attempting to fetch resource."
console.warn: TopSitesFeed: Failed to fetch data from MARS server: NetworkError when attempting to fetch resource.
1763842952932	Marionette	INFO	Listening on port 42385
WebDriver BiDi listening on ws://127.0.0.1:54199
Read port: 42385
console.warn: RSLoader: Recipe new-tab-145020250919173227-to-beta not returned from collection nimbus-secure-experiments because it contains feature newtabTrainhopAddon, which is disallowed for that collection.
console.warn: RSLoader: Recipe new-tab-145020250919173227-to-release-143 not returned from collection nimbus-secure-experiments because it contains feature newtabTrainhopAddon, which is disallowed for that collection.
console.warn: RSLoader: Recipe new-tab-145120251009134757-to-release not returned from collection nimbus-secure-experiments because it contains feature newtabTrainhopAddon, which is disallowed for that collection.
1763842953019	RemoteAgent	WARN	TLS certificate errors will be ignored for this session
[GFX1-]: RenderCompositorSWGL failed mapping default framebuffer, no dt
1763842954579	Marionette	INFO	Stopped listening on port 42385
1763842954591	geckodriver	INFO	Listening on 127.0.0.1:51727
1763842954622	mozrunner::runner	INFO	Running command: MOZ_CRASHREPORTER="1" MOZ_CRASHREPORTER_NO_REPORT="1" MOZ_CRASHREPORTER_SHUTDOWN="1" MOZ_NO_REMOTE="1" "/usr ... ss" "--remote-debugging-port" "60301" "--remote-allow-hosts" "localhost" "-no-remote" "-profile" "/tmp/rust_mozprofileXyrD1N"
*** You are running in headless mode.
console.warn: services.settings: Ignoring preference override of remote settings server
console.warn: services.settings: Allow by setting MOZ_REMOTE_SETTINGS_DEVTOOLS=1 in the environment
1763842954964	Marionette	INFO	Marionette enabled
console.error: "Failed to fetch https://ads.mozilla.org/v1/delete_user:" "NetworkError when attempting to fetch resource."
console.error: services.settings: 
  main/partitioning-exempt-urls: Signature of bundled changeset is invalid: [Exception... "<no message>"  nsresult: "0x8046001e (<unknown>)"  location: "JS frame :: resource://gre/modules/ServiceRequest.sys.mjs :: open :: line 126"  data: no].
console.error: services.settings: 
  main/cfr: Signature of bundled changeset is invalid: [Exception... "<no message>"  nsresult: "0x8046001e (<unknown>)"  location: "JS frame :: resource://gre/modules/ServiceRequest.sys.mjs :: open :: line 126"  data: no].
console.error: services.settings: 
  main/normandy-recipes-capabilities: Signature of bundled changeset is invalid: [Exception... "<no message>"  nsresult: "0x8046001e (<unknown>)"  location: "JS frame :: resource://gre/modules/ServiceRequest.sys.mjs :: open :: line 126"  data: no].
console.error: services.settings: 
  main/remote-permissions: Signature of bundled changeset is invalid: [Exception... "<no message>"  nsresult: "0x8046001e (<unknown>)"  location: "JS frame :: resource://gre/modules/ServiceRequest.sys.mjs :: open :: line 126"  data: no].
console.error: services.settings: 
  main/search-categorization: Signature of bundled changeset is invalid: [Exception... "<no message>"  nsresult: "0x8046001e (<unknown>)"  location: "JS frame :: resource://gre/modules/ServiceRequest.sys.mjs :: open :: line 126"  data: no].
console.error: services.settings: 
  main/third-party-cookie-blocking-exempt-urls: Signature of bundled changeset is invalid: [Exception... "<no message>"  nsresult: "0x8046001e (<unknown>)"  location: "JS frame :: resource://gre/modules/ServiceRequest.sys.mjs :: open :: line 126"  data: no].
console.error: services.settings: 
  main/query-stripping: Signature of bundled changeset is invalid: [Exception... "<no message>"  nsresult: "0x8046001e (<unknown>)"  location: "JS frame :: resource://gre/modules/ServiceRequest.sys.mjs :: open :: line 126"  data: no].
console.error: services.settings: 
  main/doh-providers: Signature of bundled changeset is invalid: [Exception... "<no message>"  nsresult: "0x8046001e (<unknown>)"  location: "JS frame :: resource://gre/modules/ServiceRequest.sys.mjs :: open :: line 126"  data: no].
console.error: services.settings: 
Object
  - prototype Object
    - columnNumber = 0
    - data = null
    - filename = resource://gre/modules/ServiceRequest.sys.mjs
    - lineNumber = 126
    - location = {"name":"open","filename":"resource://gre/modules/ServiceRequest.sys.mjs","sourceId":29,"lineNumber":126,"columnNumber":11,"asyncCause":null,"asyncCaller":null,"caller":{"filename":"resource://services-settings/Utils.sys.mjs","name":"fetch/<","sourceId":28,"lineNumber":268,"columnNumber":15,"asyncCause":null,"asyncCaller":null,"caller":{"filename":"resource://services-settings/Utils.sys.mjs","name":"fetch","sourceId":28,"lineNumber":219,"columnNumber":12,"asyncCause":null,"asyncCaller":null,"caller":{"filename":"resource://services-settings/Utils.sys.mjs","name":"fetchLatestChanges","sourceId":28,"lineNumber":429,"columnNumber":34,"asyncCause":null,"asyncCaller":null,"caller":{"filename":"resource://services-settings/RemoteSettingsClient.sys.mjs","name":"sync","sourceId":26,"lineNumber":630,"columnNumber":42,"asyncCause":null,"asyncCaller":null,"caller":{"filename":"resource://services-settings/RemoteSettingsClient.sys.mjs","name":"get/this._importingPromise<","sourceId":26,"lineNumber":482,"columnNumber":28,"asyncCause":null,"asyncCaller":null,"caller":null,"formattedStack":"get/this._importingPromise<@resource://services-settings/RemoteSettingsClient.sys.mjs:482:28\n","nativeSavedFrame":{}},"formattedStack":"sync@resource://services-settings/RemoteSettingsClient.sys.mjs:630:42\nget/this._importingPromise<@resource://services-settings/RemoteSettingsClient.sys.mjs:482:28\n","nativeSavedFrame":{}},"formattedStack":"fetchLatestChanges@resource://services-settings/Utils.sys.mjs:429:34\nsync@resource://services-settings/RemoteSettingsClient.sys.mjs:630:42\nget/this._importingPromise<@resource://services-settings/RemoteSettingsClient.sys.mjs:482:28\n","nativeSavedFrame":{}},"formattedStack":"fetch@resource://services-settings/Utils.sys.mjs:219:12\nfetchLatestChanges@resource://services-settings/Utils.sys.mjs:429:34\nsync@resource://services-settings/RemoteSettingsClient.sys.mjs:630:42\nget/this._importingPromise<@resource://services-settings/RemoteSettingsClient.sys.mjs:482:28\n","nativeSavedFrame":{}},"formattedStack":"fetch/<@resource://services-settings/Utils.sys.mjs:268:15\nfetch@resource://services-settings/Utils.sys.mjs:219:12\nfetchLatestChanges@resource://services-settings/Utils.sys.mjs:429:34\nsync@resource://services-settings/RemoteSettingsClient.sys.mjs:630:42\nget/this._importingPromise<@resource://services-settings/RemoteSettingsClient.sys.mjs:482:28\n","nativeSavedFrame":{}},"formattedStack":"open@resource://gre/modules/ServiceRequest.sys.mjs:126:11\nfetch/<@resource://services-settings/Utils.sys.mjs:268:15\nfetch@resource://services-settings/Utils.sys.mjs:219:12\nfetchLatestChanges@resource://services-settings/Utils.sys.mjs:429:34\nsync@resource://services-settings/RemoteSettingsClient.sys.mjs:630:42\nget/this._importingPromise<@resource://services-settings/RemoteSettingsClient.sys.mjs:482:28\n","nativeSavedFrame":{}}
    - message = 
    - name = 
    - result = 2152071198
    - stack = open@resource://gre/modules/ServiceRequest.sys.mjs:126:11|fetch/<@resource://services-settings/Utils.sys.mjs:268:15|fetch@resource://services-settings/Utils.sys.mjs:219:12|fetchLatestChanges@resource://services-settings/Utils.sys.mjs:429:34|sync@resource://services-settings/RemoteSettingsClient.sys.mjs:630:42|get/this._importingPromise<@resource://services-settings/RemoteSettingsClient.sys.mjs:482:28|
  - prototype Object
console.error: services.settings: 
Object
  - prototype Object
    - columnNumber = 0
    - data = null
    - filename = resource://gre/modules/ServiceRequest.sys.mjs
    - lineNumber = 126
    - location = {"name":"open","filename":"resource://gre/modules/ServiceRequest.sys.mjs","sourceId":29,"lineNumber":126,"columnNumber":11,"asyncCause":null,"asyncCaller":null,"caller":{"filename":"resource://services-settings/Utils.sys.mjs","name":"fetch/<","sourceId":28,"lineNumber":268,"columnNumber":15,"asyncCause":null,"asyncCaller":null,"caller":{"filename":"resource://services-settings/Utils.sys.mjs","name":"fetch","sourceId":28,"lineNumber":219,"columnNumber":12,"asyncCause":null,"asyncCaller":null,"caller":{"filename":"resource://services-settings/Utils.sys.mjs","name":"fetchLatestChanges","sourceId":28,"lineNumber":429,"columnNumber":34,"asyncCause":null,"asyncCaller":null,"caller":{"filename":"resource://services-settings/RemoteSettingsClient.sys.mjs","name":"sync","sourceId":26,"lineNumber":630,"columnNumber":42,"asyncCause":null,"asyncCaller":null,"caller":{"filename":"resource://services-settings/RemoteSettingsClient.sys.mjs","name":"get/this._importingPromise<","sourceId":26,"lineNumber":482,"columnNumber":28,"asyncCause":null,"asyncCaller":null,"caller":null,"formattedStack":"get/this._importingPromise<@resource://services-settings/RemoteSettingsClient.sys.mjs:482:28\n","nativeSavedFrame":{}},"formattedStack":"sync@resource://services-settings/RemoteSettingsClient.sys.mjs:630:42\nget/this._importingPromise<@resource://services-settings/RemoteSettingsClient.sys.mjs:482:28\n","nativeSavedFrame":{}},"formattedStack":"fetchLatestChanges@resource://services-settings/Utils.sys.mjs:429:34\nsync@resource://services-settings/RemoteSettingsClient.sys.mjs:630:42\nget/this._importingPromise<@resource://services-settings/RemoteSettingsClient.sys.mjs:482:28\n","nativeSavedFrame":{}},"formattedStack":"fetch@resource://services-settings/Utils.sys.mjs:219:12\nfetchLatestChanges@resource://services-settings/Utils.sys.mjs:429:34\nsync@resource://services-settings/RemoteSettingsClient.sys.mjs:630:42\nget/this._importingPromise<@resource://services-settings/RemoteSettingsClient.sys.mjs:482:28\n","nativeSavedFrame":{}},"formattedStack":"fetch/<@resource://services-settings/Utils.sys.mjs:268:15\nfetch@resource://services-settings/Utils.sys.mjs:219:12\nfetchLatestChanges@resource://services-settings/Utils.sys.mjs:429:34\nsync@resource://services-settings/RemoteSettingsClient.sys.mjs:630:42\nget/this._importingPromise<@resource://services-settings/RemoteSettingsClient.sys.mjs:482:28\n","nativeSavedFrame":{}},"formattedStack":"open@resource://gre/modules/ServiceRequest.sys.mjs:126:11\nfetch/<@resource://services-settings/Utils.sys.mjs:268:15\nfetch@resource://services-settings/Utils.sys.mjs:219:12\nfetchLatestChanges@resource://services-settings/Utils.sys.mjs:429:34\nsync@resource://services-settings/RemoteSettingsClient.sys.mjs:630:42\nget/this._importingPromise<@resource://services-settings/RemoteSettingsClient.sys.mjs:482:28\n","nativeSavedFrame":{}}
    - message = 
    - name = 
    - result = 2152071198
    - stack = open@resource://gre/modules/ServiceRequest.sys.mjs:126:11|fetch/<@resource://services-settings/Utils.sys.mjs:268:15|fetch@resource://services-settings/Utils.sys.mjs:219:12|fetchLatestChanges@resource://services-settings/Utils.sys.mjs:429:34|sync@resource://services-settings/RemoteSettingsClient.sys.mjs:630:42|get/this._importingPromise<@resource://services-settings/RemoteSettingsClient.sys.mjs:482:28|
  - prototype Object
console.error: services.settings: 
Object
  - prototype Object
    - columnNumber = 0
    - data = null
    - filename = resource://gre/modules/ServiceRequest.sys.mjs
    - lineNumber = 126
    - location = {"name":"open","filename":"resource://gre/modules/ServiceRequest.sys.mjs","sourceId":29,"lineNumber":126,"columnNumber":11,"asyncCause":null,"asyncCaller":null,"caller":{"filename":"resource://services-settings/Utils.sys.mjs","name":"fetch/<","sourceId":28,"lineNumber":268,"columnNumber":15,"asyncCause":null,"asyncCaller":null,"caller":{"filename":"resource://services-settings/Utils.sys.mjs","name":"fetch","sourceId":28,"lineNumber":219,"columnNumber":12,"asyncCause":null,"asyncCaller":null,"caller":{"filename":"resource://services-settings/Utils.sys.mjs","name":"fetchLatestChanges","sourceId":28,"lineNumber":429,"columnNumber":34,"asyncCause":null,"asyncCaller":null,"caller":{"filename":"resource://services-settings/RemoteSettingsClient.sys.mjs","name":"sync","sourceId":26,"lineNumber":630,"columnNumber":42,"asyncCause":null,"asyncCaller":null,"caller":{"filename":"resource://services-settings/RemoteSettingsClient.sys.mjs","name":"get/this._importingPromise<","sourceId":26,"lineNumber":482,"columnNumber":28,"asyncCause":null,"asyncCaller":null,"caller":null,"formattedStack":"get/this._importingPromise<@resource://services-settings/RemoteSettingsClient.sys.mjs:482:28\n","nativeSavedFrame":{}},"formattedStack":"sync@resource://services-settings/RemoteSettingsClient.sys.mjs:630:42\nget/this._importingPromise<@resource://services-settings/RemoteSettingsClient.sys.mjs:482:28\n","nativeSavedFrame":{}},"formattedStack":"fetchLatestChanges@resource://services-settings/Utils.sys.mjs:429:34\nsync@resource://services-settings/RemoteSettingsClient.sys.mjs:630:42\nget/this._importingPromise<@resource://services-settings/RemoteSettingsClient.sys.mjs:482:28\n","nativeSavedFrame":{}},"formattedStack":"fetch@resource://services-settings/Utils.sys.mjs:219:12\nfetchLatestChanges@resource://services-settings/Utils.sys.mjs:429:34\nsync@resource://services-settings/RemoteSettingsClient.sys.mjs:630:42\nget/this._importingPromise<@resource://services-settings/RemoteSettingsClient.sys.mjs:482:28\n","nativeSavedFrame":{}},"formattedStack":"fetch/<@resource://services-settings/Utils.sys.mjs:268:15\nfetch@resource://services-settings/Utils.sys.mjs:219:12\nfetchLatestChanges@resource://services-settings/Utils.sys.mjs:429:34\nsync@resource://services-settings/RemoteSettingsClient.sys.mjs:630:42\nget/this._importingPromise<@resource://services-settings/RemoteSettingsClient.sys.mjs:482:28\n","nativeSavedFrame":{}},"formattedStack":"open@resource://gre/modules/ServiceRequest.sys.mjs:126:11\nfetch/<@resource://services-settings/Utils.sys.mjs:268:15\nfetch@resource://services-settings/Utils.sys.mjs:219:12\nfetchLatestChanges@resource://services-settings/Utils.sys.mjs:429:34\nsync@resource://services-settings/RemoteSettingsClient.sys.mjs:630:42\nget/this._importingPromise<@resource://services-settings/RemoteSettingsClient.sys.mjs:482:28\n","nativeSavedFrame":{}}
    - message = 
    - name = 
    - result = 2152071198
    - stack = open@resource://gre/modules/ServiceRequest.sys.mjs:126:11|fetch/<@resource://services-settings/Utils.sys.mjs:268:15|fetch@resource://services-settings/Utils.sys.mjs:219:12|fetchLatestChanges@resource://services-settings/Utils.sys.mjs:429:34|sync@resource://services-settings/RemoteSettingsClient.sys.mjs:630:42|get/this._importingPromise<@resource://services-settings/RemoteSettingsClient.sys.mjs:482:28|
  - prototype Object
console.error: services.settings: 
Object
  - prototype Object
    - columnNumber = 0
    - data = null
    - filename = resource://gre/modules/ServiceRequest.sys.mjs
    - lineNumber = 126
    - location = {"name":"open","filename":"resource://gre/modules/ServiceRequest.sys.mjs","sourceId":29,"lineNumber":126,"columnNumber":11,"asyncCause":null,"asyncCaller":null,"caller":{"filename":"resource://services-settings/Utils.sys.mjs","name":"fetch/<","sourceId":28,"lineNumber":268,"columnNumber":15,"asyncCause":null,"asyncCaller":null,"caller":{"filename":"resource://services-settings/Utils.sys.mjs","name":"fetch","sourceId":28,"lineNumber":219,"columnNumber":12,"asyncCause":null,"asyncCaller":null,"caller":{"filename":"resource://services-settings/Utils.sys.mjs","name":"fetchLatestChanges","sourceId":28,"lineNumber":429,"columnNumber":34,"asyncCause":null,"asyncCaller":null,"caller":{"filename":"resource://services-settings/RemoteSettingsClient.sys.mjs","name":"sync","sourceId":26,"lineNumber":630,"columnNumber":42,"asyncCause":null,"asyncCaller":null,"caller":{"filename":"resource://services-settings/RemoteSettingsClient.sys.mjs","name":"get/this._importingPromise<","sourceId":26,"lineNumber":482,"columnNumber":28,"asyncCause":null,"asyncCaller":null,"caller":null,"formattedStack":"get/this._importingPromise<@resource://services-settings/RemoteSettingsClient.sys.mjs:482:28\n","nativeSavedFrame":{}},"formattedStack":"sync@resource://services-settings/RemoteSettingsClient.sys.mjs:630:42\nget/this._importingPromise<@resource://services-settings/RemoteSettingsClient.sys.mjs:482:28\n","nativeSavedFrame":{}},"formattedStack":"fetchLatestChanges@resource://services-settings/Utils.sys.mjs:429:34\nsync@resource://services-settings/RemoteSettingsClient.sys.mjs:630:42\nget/this._importingPromise<@resource://services-settings/RemoteSettingsClient.sys.mjs:482:28\n","nativeSavedFrame":{}},"formattedStack":"fetch@resource://services-settings/Utils.sys.mjs:219:12\nfetchLatestChanges@resource://services-settings/Utils.sys.mjs:429:34\nsync@resource://services-settings/RemoteSettingsClient.sys.mjs:630:42\nget/this._importingPromise<@resource://services-settings/RemoteSettingsClient.sys.mjs:482:28\n","nativeSavedFrame":{}},"formattedStack":"fetch/<@resource://services-settings/Utils.sys.mjs:268:15\nfetch@resource://services-settings/Utils.sys.mjs:219:12\nfetchLatestChanges@resource://services-settings/Utils.sys.mjs:429:34\nsync@resource://services-settings/RemoteSettingsClient.sys.mjs:630:42\nget/this._importingPromise<@resource://services-settings/RemoteSettingsClient.sys.mjs:482:28\n","nativeSavedFrame":{}},"formattedStack":"open@resource://gre/modules/ServiceRequest.sys.mjs:126:11\nfetch/<@resource://services-settings/Utils.sys.mjs:268:15\nfetch@resource://services-settings/Utils.sys.mjs:219:12\nfetchLatestChanges@resource://services-settings/Utils.sys.mjs:429:34\nsync@resource://services-settings/RemoteSettingsClient.sys.mjs:630:42\nget/this._importingPromise<@resource://services-settings/RemoteSettingsClient.sys.mjs:482:28\n","nativeSavedFrame":{}}
    - message = 
    - name = 
    - result = 2152071198
    - stack = open@resource://gre/modules/ServiceRequest.sys.mjs:126:11|fetch/<@resource://services-settings/Utils.sys.mjs:268:15|fetch@resource://services-settings/Utils.sys.mjs:219:12|fetchLatestChanges@resource://services-settings/Utils.sys.mjs:429:34|sync@resource://services-settings/RemoteSettingsClient.sys.mjs:630:42|get/this._importingPromise<@resource://services-settings/RemoteSettingsClient.sys.mjs:482:28|
  - prototype Object
console.warn: TopSitesFeed: Failed to fetch data from MARS server: NetworkError when attempting to fetch resource.
1763842955148	Marionette	INFO	Listening on port 37059
WebDriver BiDi listening on ws://127.0.0.1:60301
Read port: 37059
console.warn: RSLoader: Recipe new-tab-145020250919173227-to-beta not returned from collection nimbus-secure-experiments because it contains feature newtabTrainhopAddon, which is disallowed for that collection.
console.warn: RSLoader: Recipe new-tab-145020250919173227-to-release-143 not returned from collection nimbus-secure-experiments because it contains feature newtabTrainhopAddon, which is disallowed for that collection.
console.warn: RSLoader: Recipe new-tab-145120251009134757-to-release not returned from collection nimbus-secure-experiments because it contains feature newtabTrainhopAddon, which is disallowed for that collection.
1763842955325	RemoteAgent	WARN	TLS certificate errors will be ignored for this session
[GFX1-]: RenderCompositorSWGL failed mapping default framebuffer, no dt
1763842956758	Marionette	INFO	Stopped listening on port 37059
console.error: "Failed to fetch https://ads.mozilla.org/v1/delete_user:" "NetworkError when attempting to fetch resource."
console.warn: TopSitesFeed: Failed to fetch data from MARS server: NetworkError when attempting to fetch resource.
console.error: services.settings: 
  main/doh-config: Signature of bundled changeset is invalid: [Exception... "<no message>"  nsresult: "0x8046001e (<unknown>)"  location: "JS frame :: resource://gre/modules/ServiceRequest.sys.mjs :: open :: line 126"  data: no].
console.error: services.settings: 
  main/fingerprinting-protection-overrides: Signature of bundled changeset is invalid: [Exception... "<no message>"  nsresult: "0x8046001e (<unknown>)"  location: "JS frame :: resource://gre/modules/ServiceRequest.sys.mjs :: open :: line 126"  data: no].
console.error: services.settings: 
  main/partitioning-exempt-urls: Signature of bundled changeset is invalid: [Exception... "<no message>"  nsresult: "0x8046001e (<unknown>)"  location: "JS frame :: resource://gre/modules/ServiceRequest.sys.mjs :: open :: line 126"  data: no].
console.error: services.settings: 
  main/cfr: Signature of bundled changeset is invalid: [Exception... "<no message>"  nsresult: "0x8046001e (<unknown>)"  location: "JS frame :: resource://gre/modules/ServiceRequest.sys.mjs :: open :: line 126"  data: no].
console.error: services.settings: 
  main/normandy-recipes-capabilities: Signature of bundled changeset is invalid: [Exception... "<no message>"  nsresult: "0x8046001e (<unknown>)"  location: "JS frame :: resource://gre/modules/ServiceRequest.sys.mjs :: open :: line 126"  data: no].
console.error: services.settings: 
  main/remote-permissions: Signature of bundled changeset is invalid: [Exception... "<no message>"  nsresult: "0x8046001e (<unknown>)"  location: "JS frame :: resource://gre/modules/ServiceRequest.sys.mjs :: open :: line 126"  data: no].
console.error: services.settings: 
  main/search-categorization: Signature of bundled changeset is invalid: [Exception... "<no message>"  nsresult: "0x8046001e (<unknown>)"  location: "JS frame :: resource://gre/modules/ServiceRequest.sys.mjs :: open :: line 126"  data: no].
console.error: services.settings: 
  main/third-party-cookie-blocking-exempt-urls: Signature of bundled changeset is invalid: [Exception... "<no message>"  nsresult: "0x8046001e (<unknown>)"  location: "JS frame :: resource://gre/modules/ServiceRequest.sys.mjs :: open :: line 126"  data: no].
console.error: services.settings: 
  main/query-stripping: Signature of bundled changeset is invalid: [Exception... "<no message>"  nsresult: "0x8046001e (<unknown>)"  location: "JS frame :: resource://gre/modules/ServiceRequest.sys.mjs :: open :: line 126"  data: no].
console.error: services.settings: 
  main/doh-providers: Signature of bundled changeset is invalid: [Exception... "<no message>"  nsresult: "0x8046001e (<unknown>)"  location: "JS frame :: resource://gre/modules/ServiceRequest.sys.mjs :: open :: line 126"  data: no].
console.error: services.settings: 
Object
  - prototype Object
    - columnNumber = 0
    - data = null
    - filename = resource://gre/modules/ServiceRequest.sys.mjs
    - lineNumber = 126
    - location = {"name":"open","filename":"resource://gre/modules/ServiceRequest.sys.mjs","sourceId":29,"lineNumber":126,"columnNumber":11,"asyncCause":null,"asyncCaller":null,"caller":{"filename":"resource://services-settings/Utils.sys.mjs","name":"fetch/<","sourceId":28,"lineNumber":268,"columnNumber":15,"asyncCause":null,"asyncCaller":null,"caller":{"filename":"resource://services-settings/Utils.sys.mjs","name":"fetch","sourceId":28,"lineNumber":219,"columnNumber":12,"asyncCause":null,"asyncCaller":null,"caller":{"filename":"resource://services-settings/Utils.sys.mjs","name":"fetchLatestChanges","sourceId":28,"lineNumber":429,"columnNumber":34,"asyncCause":null,"asyncCaller":null,"caller":{"filename":"resource://services-settings/RemoteSettingsClient.sys.mjs","name":"sync","sourceId":26,"lineNumber":630,"columnNumber":42,"asyncCause":null,"asyncCaller":null,"caller":{"filename":"resource://services-settings/RemoteSettingsClient.sys.mjs","name":"get/this._importingPromise<","sourceId":26,"lineNumber":482,"columnNumber":28,"asyncCause":null,"asyncCaller":null,"caller":{"filename":"resource://gre/modules/AsyncShutdown.sys.mjs","name":"observe","sourceId":19,"lineNumber":569,"columnNumber":17,"asyncCause":null,"asyncCaller":null,"caller":null,"formattedStack":"observe@resource://gre/modules/AsyncShutdown.sys.mjs:569:17\n","nativeSavedFrame":{}},"formattedStack":"get/this._importingPromise<@resource://services-settings/RemoteSettingsClient.sys.mjs:482:28\nobserve@resource://gre/modules/AsyncShutdown.sys.mjs:569:17\n","nativeSavedFrame":{}},"formattedStack":"sync@resource://services-settings/RemoteSettingsClient.sys.mjs:630:42\nget/this._importingPromise<@resource://services-settings/RemoteSettingsClient.sys.mjs:482:28\nobserve@resource://gre/modules/AsyncShutdown.sys.mjs:569:17\n","nativeSavedFrame":{}},"formattedStack":"fetchLatestChanges@resource://services-settings/Utils.sys.mjs:429:34\nsync@resource://services-settings/RemoteSettingsClient.sys.mjs:630:42\nget/this._importingPromise<@resource://services-settings/RemoteSettingsClient.sys.mjs:482:28\nobserve@resource://gre/modules/AsyncShutdown.sys.mjs:569:17\n","nativeSavedFrame":{}},"formattedStack":"fetch@resource://services-settings/Utils.sys.mjs:219:12\nfetchLatestChanges@resource://services-settings/Utils.sys.mjs:429:34\nsync@resource://services-settings/RemoteSettingsClient.sys.mjs:630:42\nget/this._importingPromise<@resource://services-settings/RemoteSettingsClient.sys.mjs:482:28\nobserve@resource://gre/modules/AsyncShutdown.sys.mjs:569:17\n","nativeSavedFrame":{}},"formattedStack":"fetch/<@resource://services-settings/Utils.sys.mjs:268:15\nfetch@resource://services-settings/Utils.sys.mjs:219:12\nfetchLatestChanges@resource://services-settings/Utils.sys.mjs:429:34\nsync@resource://services-settings/RemoteSettingsClient.sys.mjs:630:42\nget/this._importingPromise<@resource://services-settings/RemoteSettingsClient.sys.mjs:482:28\nobserve@resource://gre/modules/AsyncShutdown.sys.mjs:569:17\n","nativeSavedFrame":{}},"formattedStack":"open@resource://gre/modules/ServiceRequest.sys.mjs:126:11\nfetch/<@resource://services-settings/Utils.sys.mjs:268:15\nfetch@resource://services-settings/Utils.sys.mjs:219:12\nfetchLatestChanges@resource://services-settings/Utils.sys.mjs:429:34\nsync@resource://services-settings/RemoteSettingsClient.sys.mjs:630:42\nget/this._importingPromise<@resource://services-settings/RemoteSettingsClient.sys.mjs:482:28\nobserve@resource://gre/modules/AsyncShutdown.sys.mjs:569:17\n","nativeSavedFrame":{}}
    - message = 
    - name = 
    - result = 2152071198
    - stack = open@resource://gre/modules/ServiceRequest.sys.mjs:126:11|fetch/<@resource://services-settings/Utils.sys.mjs:268:15|fetch@resource://services-settings/Utils.sys.mjs:219:12|fetchLatestChanges@resource://services-settings/Utils.sys.mjs:429:34|sync@resource://services-settings/RemoteSettingsClient.sys.mjs:630:42|get/this._importingPromise<@resource://services-settings/RemoteSettingsClient.sys.mjs:482:28|observe@resource://gre/modules/AsyncShutdown.sys.mjs:569:17|
  - prototype Object
console.error: services.settings: 
Object
  - prototype Object
    - columnNumber = 0
    - data = null
    - filename = resource://gre/modules/ServiceRequest.sys.mjs
    - lineNumber = 126
    - location = {"name":"open","filename":"resource://gre/modules/ServiceRequest.sys.mjs","sourceId":29,"lineNumber":126,"columnNumber":11,"asyncCause":null,"asyncCaller":null,"caller":{"filename":"resource://services-settings/Utils.sys.mjs","name":"fetch/<","sourceId":28,"lineNumber":268,"columnNumber":15,"asyncCause":null,"asyncCaller":null,"caller":{"filename":"resource://services-settings/Utils.sys.mjs","name":"fetch","sourceId":28,"lineNumber":219,"columnNumber":12,"asyncCause":null,"asyncCaller":null,"caller":{"filename":"resource://services-settings/Utils.sys.mjs","name":"fetchLatestChanges","sourceId":28,"lineNumber":429,"columnNumber":34,"asyncCause":null,"asyncCaller":null,"caller":{"filename":"resource://services-settings/RemoteSettingsClient.sys.mjs","name":"sync","sourceId":26,"lineNumber":630,"columnNumber":42,"asyncCause":null,"asyncCaller":null,"caller":{"filename":"resource://services-settings/RemoteSettingsClient.sys.mjs","name":"get/this._importingPromise<","sourceId":26,"lineNumber":482,"columnNumber":28,"asyncCause":null,"asyncCaller":null,"caller":{"filename":"resource://gre/modules/AsyncShutdown.sys.mjs","name":"observe","sourceId":19,"lineNumber":569,"columnNumber":17,"asyncCause":null,"asyncCaller":null,"caller":null,"formattedStack":"observe@resource://gre/modules/AsyncShutdown.sys.mjs:569:17\n","nativeSavedFrame":{}},"formattedStack":"get/this._importingPromise<@resource://services-settings/RemoteSettingsClient.sys.mjs:482:28\nobserve@resource://gre/modules/AsyncShutdown.sys.mjs:569:17\n","nativeSavedFrame":{}},"formattedStack":"sync@resource://services-settings/RemoteSettingsClient.sys.mjs:630:42\nget/this._importingPromise<@resource://services-settings/RemoteSettingsClient.sys.mjs:482:28\nobserve@resource://gre/modules/AsyncShutdown.sys.mjs:569:17\n","nativeSavedFrame":{}},"formattedStack":"fetchLatestChanges@resource://services-settings/Utils.sys.mjs:429:34\nsync@resource://services-settings/RemoteSettingsClient.sys.mjs:630:42\nget/this._importingPromise<@resource://services-settings/RemoteSettingsClient.sys.mjs:482:28\nobserve@resource://gre/modules/AsyncShutdown.sys.mjs:569:17\n","nativeSavedFrame":{}},"formattedStack":"fetch@resource://services-settings/Utils.sys.mjs:219:12\nfetchLatestChanges@resource://services-settings/Utils.sys.mjs:429:34\nsync@resource://services-settings/RemoteSettingsClient.sys.mjs:630:42\nget/this._importingPromise<@resource://services-settings/RemoteSettingsClient.sys.mjs:482:28\nobserve@resource://gre/modules/AsyncShutdown.sys.mjs:569:17\n","nativeSavedFrame":{}},"formattedStack":"fetch/<@resource://services-settings/Utils.sys.mjs:268:15\nfetch@resource://services-settings/Utils.sys.mjs:219:12\nfetchLatestChanges@resource://services-settings/Utils.sys.mjs:429:34\nsync@resource://services-settings/RemoteSettingsClient.sys.mjs:630:42\nget/this._importingPromise<@resource://services-settings/RemoteSettingsClient.sys.mjs:482:28\nobserve@resource://gre/modules/AsyncShutdown.sys.mjs:569:17\n","nativeSavedFrame":{}},"formattedStack":"open@resource://gre/modules/ServiceRequest.sys.mjs:126:11\nfetch/<@resource://services-settings/Utils.sys.mjs:268:15\nfetch@resource://services-settings/Utils.sys.mjs:219:12\nfetchLatestChanges@resource://services-settings/Utils.sys.mjs:429:34\nsync@resource://services-settings/RemoteSettingsClient.sys.mjs:630:42\nget/this._importingPromise<@resource://services-settings/RemoteSettingsClient.sys.mjs:482:28\nobserve@resource://gre/modules/AsyncShutdown.sys.mjs:569:17\n","nativeSavedFrame":{}}
    - message = 
    - name = 
    - result = 2152071198
    - stack = open@resource://gre/modules/ServiceRequest.sys.mjs:126:11|fetch/<@resource://services-settings/Utils.sys.mjs:268:15|fetch@resource://services-settings/Utils.sys.mjs:219:12|fetchLatestChanges@resource://services-settings/Utils.sys.mjs:429:34|sync@resource://services-settings/RemoteSettingsClient.sys.mjs:630:42|get/this._importingPromise<@resource://services-settings/RemoteSettingsClient.sys.mjs:482:28|observe@resource://gre/modules/AsyncShutdown.sys.mjs:569:17|
  - prototype Object
console.error: services.settings: 
Object
  - prototype Object
    - columnNumber = 0
    - data = null
    - filename = resource://gre/modules/ServiceRequest.sys.mjs
    - lineNumber = 126
    - location = {"name":"open","filename":"resource://gre/modules/ServiceRequest.sys.mjs","sourceId":29,"lineNumber":126,"columnNumber":11,"asyncCause":null,"asyncCaller":null,"caller":{"filename":"resource://services-settings/Utils.sys.mjs","name":"fetch/<","sourceId":28,"lineNumber":268,"columnNumber":15,"asyncCause":null,"asyncCaller":null,"caller":{"filename":"resource://services-settings/Utils.sys.mjs","name":"fetch","sourceId":28,"lineNumber":219,"columnNumber":12,"asyncCause":null,"asyncCaller":null,"caller":{"filename":"resource://services-settings/Utils.sys.mjs","name":"fetchLatestChanges","sourceId":28,"lineNumber":429,"columnNumber":34,"asyncCause":null,"asyncCaller":null,"caller":{"filename":"resource://services-settings/RemoteSettingsClient.sys.mjs","name":"sync","sourceId":26,"lineNumber":630,"columnNumber":42,"asyncCause":null,"asyncCaller":null,"caller":{"filename":"resource://services-settings/RemoteSettingsClient.sys.mjs","name":"get/this._importingPromise<","sourceId":26,"lineNumber":482,"columnNumber":28,"asyncCause":null,"asyncCaller":null,"caller":{"filename":"resource://gre/modules/AsyncShutdown.sys.mjs","name":"observe","sourceId":19,"lineNumber":569,"columnNumber":17,"asyncCause":null,"asyncCaller":null,"caller":null,"formattedStack":"observe@resource://gre/modules/AsyncShutdown.sys.mjs:569:17\n","nativeSavedFrame":{}},"formattedStack":"get/this._importingPromise<@resource://services-settings/RemoteSettingsClient.sys.mjs:482:28\nobserve@resource://gre/modules/AsyncShutdown.sys.mjs:569:17\n","nativeSavedFrame":{}},"formattedStack":"sync@resource://services-settings/RemoteSettingsClient.sys.mjs:630:42\nget/this._importingPromise<@resource://services-settings/RemoteSettingsClient.sys.mjs:482:28\nobserve@resource://gre/modules/AsyncShutdown.sys.mjs:569:17\n","nativeSavedFrame":{}},"formattedStack":"fetchLatestChanges@resource://services-settings/Utils.sys.mjs:429:34\nsync@resource://services-settings/RemoteSettingsClient.sys.mjs:630:42\nget/this._importingPromise<@resource://services-settings/RemoteSettingsClient.sys.mjs:482:28\nobserve@resource://gre/modules/AsyncShutdown.sys.mjs:569:17\n","nativeSavedFrame":{}},"formattedStack":"fetch@resource://services-settings/Utils.sys.mjs:219:12\nfetchLatestChanges@resource://services-settings/Utils.sys.mjs:429:34\nsync@resource://services-settings/RemoteSettingsClient.sys.mjs:630:42\nget/this._importingPromise<@resource://services-settings/RemoteSettingsClient.sys.mjs:482:28\nobserve@resource://gre/modules/AsyncShutdown.sys.mjs:569:17\n","nativeSavedFrame":{}},"formattedStack":"fetch/<@resource://services-settings/Utils.sys.mjs:268:15\nfetch@resource://services-settings/Utils.sys.mjs:219:12\nfetchLatestChanges@resource://services-settings/Utils.sys.mjs:429:34\nsync@resource://services-settings/RemoteSettingsClient.sys.mjs:630:42\nget/this._importingPromise<@resource://services-settings/RemoteSettingsClient.sys.mjs:482:28\nobserve@resource://gre/modules/AsyncShutdown.sys.mjs:569:17\n","nativeSavedFrame":{}},"formattedStack":"open@resource://gre/modules/ServiceRequest.sys.mjs:126:11\nfetch/<@resource://services-settings/Utils.sys.mjs:268:15\nfetch@resource://services-settings/Utils.sys.mjs:219:12\nfetchLatestChanges@resource://services-settings/Utils.sys.mjs:429:34\nsync@resource://services-settings/RemoteSettingsClient.sys.mjs:630:42\nget/this._importingPromise<@resource://services-settings/RemoteSettingsClient.sys.mjs:482:28\nobserve@resource://gre/modules/AsyncShutdown.sys.mjs:569:17\n","nativeSavedFrame":{}}
    - message = 
    - name = 
    - result = 2152071198
    - stack = open@resource://gre/modules/ServiceRequest.sys.mjs:126:11|fetch/<@resource://services-settings/Utils.sys.mjs:268:15|fetch@resource://services-settings/Utils.sys.mjs:219:12|fetchLatestChanges@resource://services-settings/Utils.sys.mjs:429:34|sync@resource://services-settings/RemoteSettingsClient.sys.mjs:630:42|get/this._importingPromise<@resource://services-settings/RemoteSettingsClient.sys.mjs:482:28|observe@resource://gre/modules/AsyncShutdown.sys.mjs:569:17|
  - prototype Object
console.error: services.settings: 
Object
  - prototype Object
    - columnNumber = 0
    - data = null
    - filename = resource://gre/modules/ServiceRequest.sys.mjs
    - lineNumber = 126
    - location = {"name":"open","filename":"resource://gre/modules/ServiceRequest.sys.mjs","sourceId":29,"lineNumber":126,"columnNumber":11,"asyncCause":null,"asyncCaller":null,"caller":{"filename":"resource://services-settings/Utils.sys.mjs","name":"fetch/<","sourceId":28,"lineNumber":268,"columnNumber":15,"asyncCause":null,"asyncCaller":null,"caller":{"filename":"resource://services-settings/Utils.sys.mjs","name":"fetch","sourceId":28,"lineNumber":219,"columnNumber":12,"asyncCause":null,"asyncCaller":null,"caller":{"filename":"resource://services-settings/Utils.sys.mjs","name":"fetchLatestChanges","sourceId":28,"lineNumber":429,"columnNumber":34,"asyncCause":null,"asyncCaller":null,"caller":{"filename":"resource://services-settings/RemoteSettingsClient.sys.mjs","name":"sync","sourceId":26,"lineNumber":630,"columnNumber":42,"asyncCause":null,"asyncCaller":null,"caller":{"filename":"resource://services-settings/RemoteSettingsClient.sys.mjs","name":"get/this._importingPromise<","sourceId":26,"lineNumber":482,"columnNumber":28,"asyncCause":null,"asyncCaller":null,"caller":{"filename":"resource://gre/modules/AsyncShutdown.sys.mjs","name":"observe","sourceId":19,"lineNumber":569,"columnNumber":17,"asyncCause":null,"asyncCaller":null,"caller":null,"formattedStack":"observe@resource://gre/modules/AsyncShutdown.sys.mjs:569:17\n","nativeSavedFrame":{}},"formattedStack":"get/this._importingPromise<@resource://services-settings/RemoteSettingsClient.sys.mjs:482:28\nobserve@resource://gre/modules/AsyncShutdown.sys.mjs:569:17\n","nativeSavedFrame":{}},"formattedStack":"sync@resource://services-settings/RemoteSettingsClient.sys.mjs:630:42\nget/this._importingPromise<@resource://services-settings/RemoteSettingsClient.sys.mjs:482:28\nobserve@resource://gre/modules/AsyncShutdown.sys.mjs:569:17\n","nativeSavedFrame":{}},"formattedStack":"fetchLatestChanges@resource://services-settings/Utils.sys.mjs:429:34\nsync@resource://services-settings/RemoteSettingsClient.sys.mjs:630:42\nget/this._importingPromise<@resource://services-settings/RemoteSettingsClient.sys.mjs:482:28\nobserve@resource://gre/modules/AsyncShutdown.sys.mjs:569:17\n","nativeSavedFrame":{}},"formattedStack":"fetch@resource://services-settings/Utils.sys.mjs:219:12\nfetchLatestChanges@resource://services-settings/Utils.sys.mjs:429:34\nsync@resource://services-settings/RemoteSettingsClient.sys.mjs:630:42\nget/this._importingPromise<@resource://services-settings/RemoteSettingsClient.sys.mjs:482:28\nobserve@resource://gre/modules/AsyncShutdown.sys.mjs:569:17\n","nativeSavedFrame":{}},"formattedStack":"fetch/<@resource://services-settings/Utils.sys.mjs:268:15\nfetch@resource://services-settings/Utils.sys.mjs:219:12\nfetchLatestChanges@resource://services-settings/Utils.sys.mjs:429:34\nsync@resource://services-settings/RemoteSettingsClient.sys.mjs:630:42\nget/this._importingPromise<@resource://services-settings/RemoteSettingsClient.sys.mjs:482:28\nobserve@resource://gre/modules/AsyncShutdown.sys.mjs:569:17\n","nativeSavedFrame":{}},"formattedStack":"open@resource://gre/modules/ServiceRequest.sys.mjs:126:11\nfetch/<@resource://services-settings/Utils.sys.mjs:268:15\nfetch@resource://services-settings/Utils.sys.mjs:219:12\nfetchLatestChanges@resource://services-settings/Utils.sys.mjs:429:34\nsync@resource://services-settings/RemoteSettingsClient.sys.mjs:630:42\nget/this._importingPromise<@resource://services-settings/RemoteSettingsClient.sys.mjs:482:28\nobserve@resource://gre/modules/AsyncShutdown.sys.mjs:569:17\n","nativeSavedFrame":{}}
    - message = 
    - name = 
    - result = 2152071198
    - stack = open@resource://gre/modules/ServiceRequest.sys.mjs:126:11|fetch/<@resource://services-settings/Utils.sys.mjs:268:15|fetch@resource://services-settings/Utils.sys.mjs:219:12|fetchLatestChanges@resource://services-settings/Utils.sys.mjs:429:34|sync@resource://services-settings/RemoteSettingsClient.sys.mjs:630:42|get/this._importingPromise<@resource://services-settings/RemoteSettingsClient.sys.mjs:482:28|observe@resource://gre/modules/AsyncShutdown.sys.mjs:569:17|
  - prototype Object
console.error: services.settings: 
Object
  - prototype Object
    - columnNumber = 0
    - data = null
    - filename = resource://gre/modules/ServiceRequest.sys.mjs
    - lineNumber = 126
    - location = {"name":"open","filename":"resource://gre/modules/ServiceRequest.sys.mjs","sourceId":29,"lineNumber":126,"columnNumber":11,"asyncCause":null,"asyncCaller":null,"caller":{"filename":"resource://services-settings/Utils.sys.mjs","name":"fetch/<","sourceId":28,"lineNumber":268,"columnNumber":15,"asyncCause":null,"asyncCaller":null,"caller":{"filename":"resource://services-settings/Utils.sys.mjs","name":"fetch","sourceId":28,"lineNumber":219,"columnNumber":12,"asyncCause":null,"asyncCaller":null,"caller":{"filename":"resource://services-settings/Utils.sys.mjs","name":"fetchLatestChanges","sourceId":28,"lineNumber":429,"columnNumber":34,"asyncCause":null,"asyncCaller":null,"caller":{"filename":"resource://services-settings/RemoteSettingsClient.sys.mjs","name":"sync","sourceId":26,"lineNumber":630,"columnNumber":42,"asyncCause":null,"asyncCaller":null,"caller":{"filename":"resource://services-settings/RemoteSettingsClient.sys.mjs","name":"get/this._importingPromise<","sourceId":26,"lineNumber":482,"columnNumber":28,"asyncCause":null,"asyncCaller":null,"caller":{"filename":"resource://gre/modules/AsyncShutdown.sys.mjs","name":"observe","sourceId":19,"lineNumber":569,"columnNumber":17,"asyncCause":null,"asyncCaller":null,"caller":null,"formattedStack":"observe@resource://gre/modules/AsyncShutdown.sys.mjs:569:17\n","nativeSavedFrame":{}},"formattedStack":"get/this._importingPromise<@resource://services-settings/RemoteSettingsClient.sys.mjs:482:28\nobserve@resource://gre/modules/AsyncShutdown.sys.mjs:569:17\n","nativeSavedFrame":{}},"formattedStack":"sync@resource://services-settings/RemoteSettingsClient.sys.mjs:630:42\nget/this._importingPromise<@resource://services-settings/RemoteSettingsClient.sys.mjs:482:28\nobserve@resource://gre/modules/AsyncShutdown.sys.mjs:569:17\n","nativeSavedFrame":{}},"formattedStack":"fetchLatestChanges@resource://services-settings/Utils.sys.mjs:429:34\nsync@resource://services-settings/RemoteSettingsClient.sys.mjs:630:42\nget/this._importingPromise<@resource://services-settings/RemoteSettingsClient.sys.mjs:482:28\nobserve@resource://gre/modules/AsyncShutdown.sys.mjs:569:17\n","nativeSavedFrame":{}},"formattedStack":"fetch@resource://services-settings/Utils.sys.mjs:219:12\nfetchLatestChanges@resource://services-settings/Utils.sys.mjs:429:34\nsync@resource://services-settings/RemoteSettingsClient.sys.mjs:630:42\nget/this._importingPromise<@resource://services-settings/RemoteSettingsClient.sys.mjs:482:28\nobserve@resource://gre/modules/AsyncShutdown.sys.mjs:569:17\n","nativeSavedFrame":{}},"formattedStack":"fetch/<@resource://services-settings/Utils.sys.mjs:268:15\nfetch@resource://services-settings/Utils.sys.mjs:219:12\nfetchLatestChanges@resource://services-settings/Utils.sys.mjs:429:34\nsync@resource://services-settings/RemoteSettingsClient.sys.mjs:630:42\nget/this._importingPromise<@resource://services-settings/RemoteSettingsClient.sys.mjs:482:28\nobserve@resource://gre/modules/AsyncShutdown.sys.mjs:569:17\n","nativeSavedFrame":{}},"formattedStack":"open@resource://gre/modules/ServiceRequest.sys.mjs:126:11\nfetch/<@resource://services-settings/Utils.sys.mjs:268:15\nfetch@resource://services-settings/Utils.sys.mjs:219:12\nfetchLatestChanges@resource://services-settings/Utils.sys.mjs:429:34\nsync@resource://services-settings/RemoteSettingsClient.sys.mjs:630:42\nget/this._importingPromise<@resource://services-settings/RemoteSettingsClient.sys.mjs:482:28\nobserve@resource://gre/modules/AsyncShutdown.sys.mjs:569:17\n","nativeSavedFrame":{}}
    - message = 
    - name = 
    - result = 2152071198
    - stack = open@resource://gre/modules/ServiceRequest.sys.mjs:126:11|fetch/<@resource://services-settings/Utils.sys.mjs:268:15|fetch@resource://services-settings/Utils.sys.mjs:219:12|fetchLatestChanges@resource://services-settings/Utils.sys.mjs:429:34|sync@resource://services-settings/RemoteSettingsClient.sys.mjs:630:42|get/this._importingPromise<@resource://services-settings/RemoteSettingsClient.sys.mjs:482:28|observe@resource://gre/modules/AsyncShutdown.sys.mjs:569:17|
  - prototype Object
console.warn: RSLoader: Recipe new-tab-145020250919173227-to-beta not returned from collection nimbus-secure-experiments because it contains feature newtabTrainhopAddon, which is disallowed for that collection.
console.warn: RSLoader: Recipe new-tab-145020250919173227-to-release-143 not returned from collection nimbus-secure-experiments because it contains feature newtabTrainhopAddon, which is disallowed for that collection.
console.warn: RSLoader: Recipe new-tab-145120251009134757-to-release not returned from collection nimbus-secure-experiments because it contains feature newtabTrainhopAddon, which is disallowed for that collection.
console.error: (new Error("Phase \"profile-change-teardown\" is finished, it is too late to register completion condition \"ProfilesDatastoreService uninit\"", "resource://gre/modules/AsyncShutdown.sys.mjs", 718))
console.error: NimbusMigrations: 
  applyMigrations: error running migration 1 (import-enrollments-to-sql): TypeError: can't access property "executeTransaction", conn is null
